<?xml version="1.0" encoding="UTF-8"?>
<!-- Generated by org.testng.reporters.JUnitReportReporter -->
<testsuite hostname="LTIN214651" failures="0" tests="1" name="testCases.TC_01_HomePage" time="95.900" errors="0" timestamp="2024-02-28T15:37:04 IST" skipped="0">
  <testcase classname="testCases.TC_01_HomePage" name="homepage_input" time="95.900"/>
</testsuite> <!-- testCases.TC_01_HomePage -->
