<?xml version="1.0" encoding="UTF-8"?>
<!-- Generated by org.testng.reporters.JUnitReportReporter -->
<testsuite hostname="LTIN214651" failures="0" tests="1" name="testCases.TC_03_HealthandWellness" time="19.001" errors="0" timestamp="2024-02-28T15:37:04 IST" skipped="0">
  <testcase classname="testCases.TC_03_HealthandWellness" name="verify_details" time="19.001"/>
</testsuite> <!-- testCases.TC_03_HealthandWellness -->
