<?xml version="1.0" encoding="UTF-8"?>
<!-- Generated by org.testng.reporters.JUnitReportReporter -->
<testsuite hostname="LTIN214651" failures="0" tests="1" name="testCases.TC_01_HomePage" time="252.274" errors="0" timestamp="2024-02-27T14:01:03 IST" skipped="0">
  <testcase classname="testCases.TC_01_HomePage" name="homepage_input" time="252.274"/>
</testsuite> <!-- testCases.TC_01_HomePage -->
