<?xml version="1.0" encoding="UTF-8"?>
<!-- Generated by org.testng.reporters.JUnitReportReporter -->
<testsuite hostname="LTIN214651" failures="0" tests="1" name="testCases.TC_03_HealthandWellness" time="103.087" errors="0" timestamp="2024-02-27T14:01:03 IST" skipped="0">
  <testcase classname="testCases.TC_03_HealthandWellness" name="verify_details" time="103.087"/>
</testsuite> <!-- testCases.TC_03_HealthandWellness -->
