<?xml version="1.0" encoding="UTF-8"?>
<!-- Generated by org.testng.reporters.JUnitReportReporter -->
<testsuite hostname="LTIN214651" failures="0" tests="1" name="testCases.open" time="40.719" errors="0" timestamp="2024-02-21T12:37:05 IST" skipped="0">
  <testcase classname="testCases.open" name="t1" time="40.719"/>
</testsuite> <!-- testCases.open -->
