<?xml version="1.0" encoding="UTF-8"?>
<!-- Generated by org.testng.reporters.JUnitReportReporter -->
<testsuite hostname="LTIN214651" failures="0" tests="1" name="testCases.TC_02_Surgeries" time="23.222" errors="0" timestamp="2024-02-27T12:37:04 IST" skipped="0">
  <testcase classname="testCases.TC_02_Surgeries" name="print_surgeries" time="23.222"/>
</testsuite> <!-- testCases.TC_02_Surgeries -->
